2024-10-21 03:34:13 +0000  Initial pipeline context: <IDEDistributionProcessingPipelineContext: 0x7f9ccbe62170; archive(resolved)="<IDEArchive: 0x60000b5d4540>", distributionTask(resolved)="2", distributionDestination(resolved)="2", distributionMethod(resolved)="<IDEDistributionMethodiOSAppStoreDistribution: 0x600005c40fe0>", team(resolved)="<IDEProvisioningDisambiguatableBasicTeam: 0x600000768a40; teamID='K98JNZJ465', teamName='Eric Libo-on', teamType='Individual', username='easre-support@dbs.com', isFreeProvisioningTeam='0'>">
	Chain (17, self inclusive):
	<IDEDistributionProcessingPipelineContext: 0x7f9ccbe62170; archive = "<IDEArchive: 0x60000b5d4540>", distributionMethod="<IDEDistributionMethodiOSAppStoreDistribution: 0x600005c40fe0>", team="<IDEProvisioningDisambiguatableBasicTeam: 0x600000768a40; teamID='K98JNZJ465', teamName='Eric Libo-on', teamType='Individual', username='easre-support@dbs.com', isFreeProvisioningTeam='0'>">
	<IDEDistributionProcessingPipelineContext: 0x7f9ccbea8e70; archive = "<IDEArchive: 0x60000b5d4540>", distributionMethod="<IDEDistributionMethodiOSAppStoreDistribution: 0x600005c40fe0>", team="<IDEProvisioningDisambiguatableBasicTeam: 0x600000768a40; teamID='K98JNZJ465', teamName='Eric Libo-on', teamType='Individual', username='easre-support@dbs.com', isFreeProvisioningTeam='0'>">
	<IDEDistributionContext: 0x7f9cce8f13b0; archive = "<IDEArchive: 0x60000b5d4540>", distributionMethod="<IDEDistributionMethodiOSAppStoreDistribution: 0x600005c40fe0>", team="<IDEProvisioningDisambiguatableBasicTeam: 0x600000768a40; teamID='K98JNZJ465', teamName='Eric Libo-on', teamType='Individual', username='easre-support@dbs.com', isFreeProvisioningTeam='0'>">
	<IDEDistributionContext: 0x7f9ccdfc7c20; archive = "<IDEArchive: 0x60000b5d4540>", distributionMethod="<IDEDistributionMethodiOSAppStoreDistribution: 0x600005c40fe0>", team="<IDEProvisioningDisambiguatableBasicTeam: 0x600000768a40; teamID='K98JNZJ465', teamName='Eric Libo-on', teamType='Individual', username='easre-support@dbs.com', isFreeProvisioningTeam='0'>">
	<IDEDistributionContext: 0x7f9cce8cde30; archive = "<IDEArchive: 0x60000b5d4540>", distributionMethod="<IDEDistributionMethodiOSAppStoreDistribution: 0x600005c40fe0>", team="<IDEProvisioningDisambiguatableBasicTeam: 0x600000768a40; teamID='K98JNZJ465', teamName='Eric Libo-on', teamType='Individual', username='easre-support@dbs.com', isFreeProvisioningTeam='0'>">
	<IDEDistributionContext: 0x7f9cc8315b30; archive = "<IDEArchive: 0x60000b5d4540>", distributionMethod="<IDEDistributionMethodiOSAppStoreDistribution: 0x600005c40fe0>", team="<IDEProvisioningDisambiguatableBasicTeam: 0x600000768a40; teamID='K98JNZJ465', teamName='Eric Libo-on', teamType='Individual', username='easre-support@dbs.com', isFreeProvisioningTeam='0'>">
	<IDEDistributionContext: 0x7f9cc833f320; archive = "<IDEArchive: 0x60000b5d4540>", distributionMethod="<IDEDistributionMethodiOSAppStoreDistribution: 0x600005c40fe0>", team="<IDEProvisioningDisambiguatableBasicTeam: 0x600000768a40; teamID='K98JNZJ465', teamName='Eric Libo-on', teamType='Individual', username='easre-support@dbs.com', isFreeProvisioningTeam='0'>">
	<IDEDistributionContext: 0x7f9cccc58d70; archive = "<IDEArchive: 0x60000b5d4540>", distributionMethod="<IDEDistributionMethodiOSAppStoreDistribution: 0x600005c40fe0>", team="<IDEProvisioningDisambiguatableBasicTeam: 0x600000768a40; teamID='K98JNZJ465', teamName='Eric Libo-on', teamType='Individual', username='easre-support@dbs.com', isFreeProvisioningTeam='0'>">
	<IDEDistributionContext: 0x7f9ccbe96960; archive = "<IDEArchive: 0x60000b5d4540>", distributionMethod="<IDEDistributionMethodiOSAppStoreDistribution: 0x600005c40fe0>", team="<IDEProvisioningDisambiguatableBasicTeam: 0x600000768a40; teamID='K98JNZJ465', teamName='Eric Libo-on', teamType='Individual', username='easre-support@dbs.com', isFreeProvisioningTeam='0'>">
	<IDEDistributionContext: 0x7f9cce8ebcc0; archive = "<IDEArchive: 0x60000b5d4540>", distributionMethod="<IDEDistributionMethodiOSAppStoreDistribution: 0x600005c40fe0>", team="<IDEProvisioningDisambiguatableBasicTeam: 0x600000768a40; teamID='K98JNZJ465', teamName='Eric Libo-on', teamType='Individual', username='easre-support@dbs.com', isFreeProvisioningTeam='0'>">
	<IDEDistributionContext: 0x7f9cce8e5270; archive = "<IDEArchive: 0x60000b5d4540>", distributionMethod="<IDEDistributionMethodiOSAppStoreDistribution: 0x600005c40fe0>", team="<IDEProvisioningDisambiguatableBasicTeam: 0x600000768a40; teamID='K98JNZJ465', teamName='Eric Libo-on', teamType='Individual', username='easre-support@dbs.com', isFreeProvisioningTeam='0'>">
	<IDEDistributionContext: 0x7f9cc8777060; archive = "<IDEArchive: 0x60000b5d4540>", distributionMethod="<IDEDistributionMethodiOSAppStoreDistribution: 0x600005c40fe0>", team="<IDEProvisioningDisambiguatableBasicTeam: 0x600000768a40; teamID='K98JNZJ465', teamName='Eric Libo-on', teamType='Individual', username='easre-support@dbs.com', isFreeProvisioningTeam='0'>">
	<IDEDistributionContext: 0x7f9ccdc3bda0; archive = "<IDEArchive: 0x60000b5d4540>", distributionMethod="<IDEDistributionMethodiOSAppStoreDistribution: 0x600005c40fe0>", team="(null)">
	<IDEDistributionContext: 0x7f9cc92908b0; archive = "<IDEArchive: 0x60000b5d4540>", distributionMethod="<IDEDistributionMethodiOSAppStoreDistribution: 0x600005c40fe0>", team="(null)">
	<IDEDistributionContext: 0x7f9cce8dabc0; archive = "<IDEArchive: 0x60000b5d4540>", distributionMethod="(null)", team="(null)">
	<IDEDistributionContext: 0x7f9cc1ca71b0; archive = "<IDEArchive: 0x60000b5d4540>", distributionMethod="(null)", team="(null)">
	<IDEDistributionContext: 0x7f9cc1cac660; archive = "<IDEArchive: 0x60000b5d4540>", distributionMethod="(null)", team="(null)">
</IDEDistributionProcessingPipelineContext: 0x7f9ccbe62170>
2024-10-21 03:34:13 +0000  Processing step: IDEDistributionCreateDestRootStep
2024-10-21 03:34:13 +0000  Processing step: IDEDistributionCopyItemStep
2024-10-21 03:34:13 +0000  Running /usr/bin/ditto '-V' '/Users/ericliboon/Library/Developer/Xcode/Archives/2024-10-21/Ratios 21-10-24, 11.32 AM.xcarchive/Products/Applications/Ratios.app' '/var/folders/0s/cww123v92xz9lv84b2ryxr640000gn/T/XcodeDistPipeline.~~~LHvTkH/Root/Payload/Ratios.app'
2024-10-21 03:34:13 +0000  >>> Copying /Users/ericliboon/Library/Developer/Xcode/Archives/2024-10-21/Ratios 21-10-24, 11.32 AM.xcarchive/Products/Applications/Ratios.app 
2024-10-21 03:34:13 +0000  copying file ./_CodeSignature/CodeResources ... 
2024-10-21 03:34:13 +0000  4395 bytes for ./_CodeSignature/CodeResources
2024-10-21 03:34:13 +0000  copying file ./AppIcon60x60@2x.png ... 
2024-10-21 03:34:13 +0000  8022 bytes for ./AppIcon60x60@2x.png
2024-10-21 03:34:13 +0000  copying file ./Base.lproj/LaunchScreen.storyboardc/01J-lp-oVM-view-Ze5-6b-2t3.nib ... 
2024-10-21 03:34:13 +0000  1225 bytes for ./Base.lproj/LaunchScreen.storyboardc/01J-lp-oVM-view-Ze5-6b-2t3.nib
2024-10-21 03:34:13 +0000  copying file ./Base.lproj/LaunchScreen.storyboardc/UIViewController-01J-lp-oVM.nib ... 
2024-10-21 03:34:13 +0000  924 bytes for ./Base.lproj/LaunchScreen.storyboardc/UIViewController-01J-lp-oVM.nib
2024-10-21 03:34:13 +0000  copying file ./Base.lproj/LaunchScreen.storyboardc/Info.plist ... 
2024-10-21 03:34:13 +0000  258 bytes for ./Base.lproj/LaunchScreen.storyboardc/Info.plist
2024-10-21 03:34:13 +0000  copying file ./Ratios.momd/VersionInfo.plist ... 
2024-10-21 03:34:13 +0000  252 bytes for ./Ratios.momd/VersionInfo.plist
copying file ./Ratios.momd/Ratios.mom ... 
2024-10-21 03:34:13 +0000  566 bytes for ./Ratios.momd/Ratios.mom
copying file ./Ratios.momd/Ratios.omo ... 
2024-10-21 03:34:13 +0000  704 bytes for ./Ratios.momd/Ratios.omo
2024-10-21 03:34:13 +0000  copying file ./Assets.car ... 
2024-10-21 03:34:13 +0000  405680 bytes for ./Assets.car
copying file ./AppIcon76x76@2x~ipad.png ... 
2024-10-21 03:34:13 +0000  10356 bytes for ./AppIcon76x76@2x~ipad.png
2024-10-21 03:34:13 +0000  copying file ./Ratios ... 
2024-10-21 03:34:13 +0000  178000 bytes for ./Ratios
2024-10-21 03:34:13 +0000  copying file ./embedded.mobileprovision ... 
2024-10-21 03:34:13 +0000  12199 bytes for ./embedded.mobileprovision
copying file ./Info.plist ... 
2024-10-21 03:34:13 +0000  1538 bytes for ./Info.plist
2024-10-21 03:34:13 +0000  copying file ./PkgInfo ... 
2024-10-21 03:34:13 +0000  8 bytes for ./PkgInfo
2024-10-21 03:34:13 +0000  /usr/bin/ditto exited with 0
2024-10-21 03:34:13 +0000  Processing step: IDEDistributionEmbedProfileStep
2024-10-21 03:34:13 +0000  Processing step: IDEDistributionInfoPlistStep
2024-10-21 03:34:13 +0000  Skipping setting DTXcodeBuildDistribution because toolsBuildVersionName was nil.
2024-10-21 03:34:13 +0000  Processing step: IDEDistributionItemRemovalStep
2024-10-21 03:34:13 +0000  Processing step: IDEDistributionAppThinningPlistStep
2024-10-21 03:34:13 +0000  Skipping step: IDEDistributionAppThinningPlistStep because it said so
2024-10-21 03:34:13 +0000  Processing step: IDEDistributionSymbolsStep
2024-10-21 03:34:13 +0000  Writing /var/folders/0s/cww123v92xz9lv84b2ryxr640000gn/T/XcodeDistPipeline.~~~LHvTkH/Symbols/63E28DC8-0D5E-3D1F-A474-492973C734BE.symbols
2024-10-21 03:34:13 +0000  Processing step: IDEDistributionCopyAppleProvidedContentStep
2024-10-21 03:34:13 +0000  Processing step: IDEDistributionAppThinningStep
2024-10-21 03:34:13 +0000  Skipping step: IDEDistributionAppThinningStep because it said so
2024-10-21 03:34:13 +0000  Processing step: IDEDistributionArchThinningStep
2024-10-21 03:34:13 +0000  Item /Users/ericliboon/Library/Developer/Xcode/Archives/2024-10-21/Ratios 21-10-24, 11.32 AM.xcarchive/Products/Applications/Ratios.app doesn't have the entitlement com.apple.developer.web-browser-engine.host enabled, returning ["arm64e"]
2024-10-21 03:34:13 +0000  Archs to thin for item /Users/ericliboon/Library/Developer/Xcode/Archives/2024-10-21/Ratios 21-10-24, 11.32 AM.xcarchive/Products/Applications/Ratios.app are ["arm64e"]
2024-10-21 03:34:13 +0000  Running /Applications/Xcode.app/Contents/Developer/Toolchains/XcodeDefault.xctoolchain/usr/bin/lipo '/var/folders/0s/cww123v92xz9lv84b2ryxr640000gn/T/XcodeDistPipeline.~~~LHvTkH/Root/Payload/Ratios.app/Ratios' '-verify_arch' 'arm64e'
2024-10-21 03:34:13 +0000  /Applications/Xcode.app/Contents/Developer/Toolchains/XcodeDefault.xctoolchain/usr/bin/lipo exited with 1
2024-10-21 03:34:13 +0000  Skipping architecture thinning for item "Ratios" because arch "arm64e" wasn't found
2024-10-21 03:34:13 +0000  Processing step: IDEDistributionODRStep
2024-10-21 03:34:13 +0000  Processing step: IDEDistributionStripXattrsStep
2024-10-21 03:34:13 +0000  Skipping stripping extended attributes because the codesign step will strip them.
2024-10-21 03:34:13 +0000  Processing step: IDEDistributionCodesignStep
2024-10-21 03:34:13 +0000  Entitlements for <IDEDistributionItem: 0x60000ba0abe0; bundleID='com.helloeasre.cofee', path='<DVTFilePath:0x60000bbfb240:'/Users/ericliboon/Library/Developer/Xcode/Archives/2024-10-21/Ratios 21-10-24, 11.32 AM.xcarchive/Products/Applications/Ratios.app'>', codeSigningInfo='<_DVTCodeSigningInformation_Path: 0x60000b8ab750; isSigned='1', isAdHocSigned='0', signingCertificate='<DVTSigningCertificate: 0x600002447540; name='Apple Development: Eric Libo-on (D25YMGNZHR)', hash='7C13072A8D013B35EDB920431A46930127C855ED', serialNumber='7CD7B6ECB61EA1188CEEA3DC801143E8', certificateKinds='(
    "1.2.840.113635.100.6.1.12",
    "1.2.840.113635.100.6.1.2"
), issueDate='2024-10-19 07:37:02 +0000''>', entitlements='{
    "application-identifier" = "K98JNZJ465.com.helloeasre.cofee";
    "com.apple.developer.team-identifier" = K98JNZJ465;
    "get-task-allow" = 1;
}', teamID='K98JNZJ465', identifier='com.helloeasre.cofee', executablePath='<DVTFilePath:0x60000bbf36c0:'/Users/ericliboon/Library/Developer/Xcode/Archives/2024-10-21/Ratios 21-10-24, 11.32 AM.xcarchive/Products/Applications/Ratios.app/Ratios'>', hardenedRuntime='0'>'>: {
    "application-identifier" = "K98JNZJ465.com.helloeasre.cofee";
    "beta-reports-active" = 1;
    "com.apple.developer.team-identifier" = K98JNZJ465;
    "get-task-allow" = 0;
}
2024-10-21 03:34:13 +0000  Associated App Clip Identifiers Filter: Skipping because "com.apple.developer.associated-appclip-app-identifiers" is not present
2024-10-21 03:34:13 +0000  Entitlements for <IDEDistributionItem: 0x60000ba0abe0; bundleID='com.helloeasre.cofee', path='<DVTFilePath:0x60000bbfb240:'/Users/ericliboon/Library/Developer/Xcode/Archives/2024-10-21/Ratios 21-10-24, 11.32 AM.xcarchive/Products/Applications/Ratios.app'>', codeSigningInfo='<_DVTCodeSigningInformation_Path: 0x60000b8ab750; isSigned='1', isAdHocSigned='0', signingCertificate='<DVTSigningCertificate: 0x600002432100; name='Apple Development: Eric Libo-on (D25YMGNZHR)', hash='7C13072A8D013B35EDB920431A46930127C855ED', serialNumber='7CD7B6ECB61EA1188CEEA3DC801143E8', certificateKinds='(
    "1.2.840.113635.100.6.1.12",
    "1.2.840.113635.100.6.1.2"
), issueDate='2024-10-19 07:37:02 +0000''>', entitlements='{
    "application-identifier" = "K98JNZJ465.com.helloeasre.cofee";
    "com.apple.developer.team-identifier" = K98JNZJ465;
    "get-task-allow" = 1;
}', teamID='K98JNZJ465', identifier='com.helloeasre.cofee', executablePath='<DVTFilePath:0x60000bbf36c0:'/Users/ericliboon/Library/Developer/Xcode/Archives/2024-10-21/Ratios 21-10-24, 11.32 AM.xcarchive/Products/Applications/Ratios.app/Ratios'>', hardenedRuntime='0'>'> are: {
    "application-identifier" = "K98JNZJ465.com.helloeasre.cofee";
    "beta-reports-active" = 1;
    "com.apple.developer.team-identifier" = K98JNZJ465;
    "get-task-allow" = 0;
}
2024-10-21 03:34:13 +0000  Writing entitlements for <IDEDistributionItem: 0x60000ba0abe0; bundleID='com.helloeasre.cofee', path='<DVTFilePath:0x60000bbfb240:'/Users/ericliboon/Library/Developer/Xcode/Archives/2024-10-21/Ratios 21-10-24, 11.32 AM.xcarchive/Products/Applications/Ratios.app'>', codeSigningInfo='<_DVTCodeSigningInformation_Path: 0x60000b8ab750; isSigned='1', isAdHocSigned='0', signingCertificate='<DVTSigningCertificate: 0x600002433540; name='Apple Development: Eric Libo-on (D25YMGNZHR)', hash='7C13072A8D013B35EDB920431A46930127C855ED', serialNumber='7CD7B6ECB61EA1188CEEA3DC801143E8', certificateKinds='(
    "1.2.840.113635.100.6.1.12",
    "1.2.840.113635.100.6.1.2"
), issueDate='2024-10-19 07:37:02 +0000''>', entitlements='{
    "application-identifier" = "K98JNZJ465.com.helloeasre.cofee";
    "com.apple.developer.team-identifier" = K98JNZJ465;
    "get-task-allow" = 1;
}', teamID='K98JNZJ465', identifier='com.helloeasre.cofee', executablePath='<DVTFilePath:0x60000bbf36c0:'/Users/ericliboon/Library/Developer/Xcode/Archives/2024-10-21/Ratios 21-10-24, 11.32 AM.xcarchive/Products/Applications/Ratios.app/Ratios'>', hardenedRuntime='0'>'> to: /var/folders/0s/cww123v92xz9lv84b2ryxr640000gn/T/XcodeDistPipeline.~~~LHvTkH/entitlements~~~W8ZlN3
2024-10-21 03:34:13 +0000  invoking codesign: <NSConcreteTask: 0x60000b9f3980; launchPath='/usr/bin/codesign', arguments='(
    "-f",
    "-s",
    9F8C4E31D8E1983E8ADE78E428923D91EBBBB81D,
    "--entitlements",
    "/var/folders/0s/cww123v92xz9lv84b2ryxr640000gn/T/XcodeDistPipeline.~~~LHvTkH/entitlements~~~W8ZlN3",
    "--preserve-metadata=identifier,flags,runtime",
    "--generate-entitlement-der",
    "--strip-disallowed-xattrs",
    "-vvv",
    "/var/folders/0s/cww123v92xz9lv84b2ryxr640000gn/T/XcodeDistPipeline.~~~LHvTkH/Root/Payload/Ratios.app"
)'>
2024-10-21 03:34:13 +0000  codesign output: /var/folders/0s/cww123v92xz9lv84b2ryxr640000gn/T/XcodeDistPipeline.~~~LHvTkH/Root/Payload/Ratios.app: replacing existing signature
/var/folders/0s/cww123v92xz9lv84b2ryxr640000gn/T/XcodeDistPipeline.~~~LHvTkH/Root/Payload/Ratios.app: signed app bundle with Mach-O thin (arm64) [com.helloeasre.cofee]
2024-10-21 03:34:13 +0000  Processing step: IDEDistributionZipODRItemStep
2024-10-21 03:34:13 +0000  Skipping step: IDEDistributionZipODRItemStep because it said so
2024-10-21 03:34:13 +0000  Processing step: IDEDistributionCreateIPAStep
2024-10-21 03:34:13 +0000  Running /usr/bin/rsync '-8aPhhE' '/var/folders/0s/cww123v92xz9lv84b2ryxr640000gn/T/XcodeDistPipeline.~~~LHvTkH/Symbols' '--link-dest' '/var/folders/0s/cww123v92xz9lv84b2ryxr640000gn/T/XcodeDistPipeline.~~~LHvTkH' '/var/folders/0s/cww123v92xz9lv84b2ryxr640000gn/T/XcodeDistPipeline.~~~LHvTkH/Root'
2024-10-21 03:34:13 +0000  building file list ... 
2024-10-21 03:34:13 +0000   0 files...2024-10-21 03:34:13 +0000  2 files to consider
2024-10-21 03:34:13 +0000  Symbols/
2024-10-21 03:34:13 +0000  
sent 147 bytes  received 26 bytes  346.00 bytes/sec
total size is 145.62K  speedup is 861.94
2024-10-21 03:34:13 +0000  /usr/bin/rsync exited with 0
2024-10-21 03:34:13 +0000  Running /usr/bin/ditto '-V' '-c' '-k' '--norsrc' '/var/folders/0s/cww123v92xz9lv84b2ryxr640000gn/T/XcodeDistPipeline.~~~LHvTkH/Root' '/var/folders/0s/cww123v92xz9lv84b2ryxr640000gn/T/XcodeDistPipeline.~~~LHvTkH/Packages/Ratios.ipa'
2024-10-21 03:34:13 +0000  >>> Copying /var/folders/0s/cww123v92xz9lv84b2ryxr640000gn/T/XcodeDistPipeline.~~~LHvTkH/Root 
2024-10-21 03:34:13 +0000  copying file ./Payload/Ratios.app/_CodeSignature/CodeResources ... 
2024-10-21 03:34:13 +0000  4395 bytes for ./Payload/Ratios.app/_CodeSignature/CodeResources
2024-10-21 03:34:13 +0000  copying file ./Payload/Ratios.app/AppIcon60x60@2x.png ... 
2024-10-21 03:34:13 +0000  8022 bytes for ./Payload/Ratios.app/AppIcon60x60@2x.png
2024-10-21 03:34:13 +0000  copying file ./Payload/Ratios.app/Base.lproj/LaunchScreen.storyboardc/01J-lp-oVM-view-Ze5-6b-2t3.nib ... 
2024-10-21 03:34:13 +0000  1225 bytes for ./Payload/Ratios.app/Base.lproj/LaunchScreen.storyboardc/01J-lp-oVM-view-Ze5-6b-2t3.nib
copying file ./Payload/Ratios.app/Base.lproj/LaunchScreen.storyboardc/UIViewController-01J-lp-oVM.nib ... 
2024-10-21 03:34:13 +0000  924 bytes for ./Payload/Ratios.app/Base.lproj/LaunchScreen.storyboardc/UIViewController-01J-lp-oVM.nib
copying file ./Payload/Ratios.app/Base.lproj/LaunchScreen.storyboardc/Info.plist ... 
258 bytes for ./Payload/Ratios.app/Base.lproj/LaunchScreen.storyboardc/Info.plist
2024-10-21 03:34:13 +0000  copying file ./Payload/Ratios.app/Ratios.momd/VersionInfo.plist ... 
252 bytes for ./Payload/Ratios.app/Ratios.momd/VersionInfo.plist
2024-10-21 03:34:13 +0000  copying file ./Payload/Ratios.app/Ratios.momd/Ratios.mom ... 
566 bytes for ./Payload/Ratios.app/Ratios.momd/Ratios.mom
2024-10-21 03:34:13 +0000  copying file ./Payload/Ratios.app/Ratios.momd/Ratios.omo ... 
704 bytes for ./Payload/Ratios.app/Ratios.momd/Ratios.omo
2024-10-21 03:34:13 +0000  copying file ./Payload/Ratios.app/Assets.car ... 
2024-10-21 03:34:13 +0000  405680 bytes for ./Payload/Ratios.app/Assets.car
copying file ./Payload/Ratios.app/AppIcon76x76@2x~ipad.png ... 
2024-10-21 03:34:13 +0000  10356 bytes for ./Payload/Ratios.app/AppIcon76x76@2x~ipad.png
copying file ./Payload/Ratios.app/Ratios ... 
2024-10-21 03:34:13 +0000  178064 bytes for ./Payload/Ratios.app/Ratios
2024-10-21 03:34:13 +0000  copying file ./Payload/Ratios.app/embedded.mobileprovision ... 
2024-10-21 03:34:13 +0000  14313 bytes for ./Payload/Ratios.app/embedded.mobileprovision
2024-10-21 03:34:13 +0000  copying file ./Payload/Ratios.app/Info.plist ... 
1569 bytes for ./Payload/Ratios.app/Info.plist
2024-10-21 03:34:13 +0000  copying file ./Payload/Ratios.app/PkgInfo ... 
8 bytes for ./Payload/Ratios.app/PkgInfo
2024-10-21 03:34:13 +0000  copying file ./Symbols/63E28DC8-0D5E-3D1F-A474-492973C734BE.symbols ... 
2024-10-21 03:34:13 +0000  149116 bytes for ./Symbols/63E28DC8-0D5E-3D1F-A474-492973C734BE.symbols
2024-10-21 03:34:13 +0000  /usr/bin/ditto exited with 0
2024-10-21 03:34:13 +0000  Processing step: IDEDistributionAppStoreInformationStep
2024-10-21 03:34:13 +0000  Skipping step: IDEDistributionAppStoreInformationStep because it said so
2024-10-21 03:34:13 +0000  Processing step: IDEDistributionGenerateProcessedDistributionItems
2024-10-21 03:34:13 +0000  IDEDistributionItem init <DVTFilePath:0x60000ba1ce40:'/var/folders/0s/cww123v92xz9lv84b2ryxr640000gn/T/XcodeDistPipeline.~~~LHvTkH/Root/Payload/Ratios.app'>
2024-10-21 03:34:13 +0000  Processing step: IDEDistributionCreateManifestStep
2024-10-21 03:34:13 +0000  Skipping step: IDEDistributionCreateManifestStep because it said so
